<?xml version="1.0" encoding="UTF-8"?>
<!-- Generated by org.testng.reporters.JUnitXMLReporter -->
<testsuite ignored="0" hostname="DESKTOP-FUJRL4L" failures="0" tests="5" name="BrokenLinks" time="37.62" errors="0" timestamp="2023-09-19T20:35:54 IST">
  <testcase classname="testcases.OpenBrowserAndURL" name="openBrowserAndURL" time="11.633"/>
  <testcase classname="testcases.TC0007_Broken_Links_Images_Test" name="brokenLinks_Button_Click" time="1.355"/>
  <testcase classname="testcases.TC0007_Broken_Links_Images_Test" name="brokenLinks_Get_All_Links_Images_GetText" time="4.165"/>
  <testcase classname="testcases.TC0007_Broken_Links_Images_Test" name="brokenLinks_Click_Links" time="18.453"/>
  <testcase classname="testcases.TC0007_Broken_Links_Images_Test" name="tear" time="0.577"/>
</testsuite> <!-- BrokenLinks -->
