<?xml version="1.0" encoding="UTF-8"?>
<!-- Generated by org.testng.reporters.JUnitXMLReporter -->
<testsuite ignored="0" hostname="DESKTOP-FUJRL4L" failures="0" tests="4" name="Buttons" time="16.671" errors="0" timestamp="2023-09-19T20:22:48 IST">
  <testcase classname="testcases.OpenBrowserAndURL" name="openBrowserAndURL" time="11.045"/>
  <testcase classname="testcases.TC0005_Buttons_Test" name="buttons_Button_Click" time="0.096"/>
  <testcase classname="testcases.TC0005_Buttons_Test" name="bouttons_Double_Right_Click_And_Click_Me" time="3.72"/>
  <testcase classname="testcases.TC0005_Buttons_Test" name="tear" time="0.586"/>
</testsuite> <!-- Buttons -->
