<?xml version="1.0" encoding="UTF-8"?>
<!-- Generated by org.testng.reporters.JUnitXMLReporter -->
<testsuite ignored="0" hostname="DESKTOP-FUJRL4L" failures="0" tests="6" name="CheckBox" time="36.249" errors="0" timestamp="2023-09-19T14:21:19 IST">
  <testcase classname="testcases.OpenBrowserAndURL" name="openBrowserAndURL" time="16.289"/>
  <testcase classname="testcases.TC0002_CheckBox_Test" name="CheckBox_Link_Click" time="1.144"/>
  <testcase classname="testcases.TC0002_CheckBox_Test" name="CheckBox_Home_Dropdown_Click" time="1.092"/>
  <testcase classname="testcases.TC0002_CheckBox_Test" name="checkBox_Select_Items" time="16.299"/>
  <testcase classname="testcases.TC0002_CheckBox_Test" name="checkBox_GetText" time="0.235"/>
  <testcase classname="testcases.TC0002_CheckBox_Test" name="teardown" time="0.535"/>
</testsuite> <!-- CheckBox -->
