<?xml version="1.0" encoding="UTF-8"?>
<!-- Generated by org.testng.reporters.JUnitXMLReporter -->
<testsuite ignored="0" hostname="DESKTOP-FUJRL4L" failures="0" tests="3" name="dynamicpropeties" time="19.044" errors="0" timestamp="2023-09-19T14:23:53 IST">
  <testcase classname="testcases.OpenBrowserAndURL" name="openBrowserAndURL" time="12.948"/>
  <testcase classname="testcases.TC0009_dynamicProperties_Test" name="dynamic_Properties_Button_Click" time="5.358"/>
  <testcase classname="testcases.TC0009_dynamicProperties_Test" name="tear" time="0.522"/>
</testsuite> <!-- dynamicpropeties -->
