<?xml version="1.0" encoding="UTF-8"?>
<!-- Generated by org.testng.reporters.JUnitXMLReporter -->
<testsuite ignored="0" hostname="DESKTOP-FUJRL4L" failures="0" tests="4" name="Practiesform" time="45.644" errors="0" timestamp="2023-09-19T20:56:10 IST">
  <testcase classname="testcases.OpenBrowserAndURL" name="openBrowserAndURL" time="12.106"/>
  <testcase classname="testcases.TC0010_PractiesForm_Test" name="dynamic_Properties_Button_Click" time="0.455"/>
  <testcase classname="testcases.TC0010_PractiesForm_Test" name="dynamic_Properties_EnterForm" time="30.967"/>
  <testcase classname="testcases.TC0010_PractiesForm_Test" name="teardown" time="0.687"/>
</testsuite> <!-- Practiesform -->
