<?xml version="1.0" encoding="UTF-8"?>
<!-- Generated by org.testng.reporters.JUnitXMLReporter -->
<testsuite ignored="0" hostname="DESKTOP-FUJRL4L" failures="0" tests="4" name="upload and download" time="20.92" errors="0" timestamp="2023-09-19T20:46:40 IST">
  <testcase classname="testcases.OpenBrowserAndURL" name="openBrowserAndURL" time="12.2"/>
  <testcase classname="testcases.TC0008_Upload_And_Download_Test" name="upload_And_Download_Button_Click" time="1.309"/>
  <testcase classname="testcases.TC0008_Upload_And_Download_Test" name="upload_And_Download_Upload_File" time="5.539"/>
  <testcase classname="testcases.TC0008_Upload_And_Download_Test" name="tear" time="0.708"/>
</testsuite> <!-- upload and download -->
