<?xml version="1.0" encoding="UTF-8"?>
<testng-results ignored="0" total="1" passed="1" failed="0" skipped="0">
  <reporter-output>
  </reporter-output>
  <suite started-at="2023-09-19T22:43:02 IST" name="demoqa" finished-at="2023-09-19T22:43:15 IST" duration-ms="12950">
    <groups>
      <group name="functional">
        <method signature="OpenBrowserAndURL.openBrowserAndURL()[pri:0, instance:testcases.OpenBrowserAndURL@34a1d21f]" name="openBrowserAndURL" class="testcases.OpenBrowserAndURL"/>
      </group> <!-- functional -->
      <group name="regression">
        <method signature="OpenBrowserAndURL.openBrowserAndURL()[pri:0, instance:testcases.OpenBrowserAndURL@34a1d21f]" name="openBrowserAndURL" class="testcases.OpenBrowserAndURL"/>
      </group> <!-- regression -->
      <group name="smoke">
        <method signature="OpenBrowserAndURL.openBrowserAndURL()[pri:0, instance:testcases.OpenBrowserAndURL@34a1d21f]" name="openBrowserAndURL" class="testcases.OpenBrowserAndURL"/>
      </group> <!-- smoke -->
      <group name="sanity">
        <method signature="OpenBrowserAndURL.openBrowserAndURL()[pri:0, instance:testcases.OpenBrowserAndURL@34a1d21f]" name="openBrowserAndURL" class="testcases.OpenBrowserAndURL"/>
      </group> <!-- sanity -->
    </groups>
    <test started-at="2023-09-19T22:43:02 IST" name="TestBox" finished-at="2023-09-19T22:43:15 IST" duration-ms="12950">
      <class name="testcases.OpenBrowserAndURL">
        <test-method signature="openBrowserAndURL()[pri:0, instance:testcases.OpenBrowserAndURL@34a1d21f]" started-at="2023-09-19T22:43:02 IST" name="openBrowserAndURL" finished-at="2023-09-19T22:43:14 IST" duration-ms="12098" status="PASS">
          <reporter-output>
          </reporter-output>
        </test-method> <!-- openBrowserAndURL -->
      </class> <!-- testcases.OpenBrowserAndURL -->
    </test> <!-- TestBox -->
  </suite> <!-- demoqa -->
</testng-results>
